<?xml version="1.0" encoding="UTF-8"?>
<!-- Generated by org.testng.reporters.JUnitReportReporter -->
<testsuite hostname="aklitm09" name="TestDemo" tests="1" failures="0" timestamp="4 Feb 2018 09:50:11 GMT" time="6.815" errors="0">
  <testcase name="test" time="6.815" classname="TestDemo"/>
</testsuite> <!-- TestDemo -->
